<?xml version="1.0" encoding="UTF-8"?>
<testsuite name="com.blog.springboot.HelloControllerTest" tests="2" skipped="0" failures="0" errors="0" timestamp="2022-06-05T18:14:53" hostname="seungminsongui-MacBookAir.local" time="0.085">
  <properties/>
  <testcase name="hello가_리턴된다" classname="com.blog.springboot.HelloControllerTest" time="0.037"/>
  <testcase name="helloDto가_리턴된다" classname="com.blog.springboot.HelloControllerTest" time="0.043"/>
  <system-out><![CDATA[2022-06-06 03:14:52.114  INFO 25147 --- [    Test worker] .b.t.a.w.s.WebMvcTestContextBootstrapper : Neither @ContextConfiguration nor @ContextHierarchy found for test class [com.blog.springboot.HelloControllerTest], using SpringBootContextLoader
2022-06-06 03:14:52.117  INFO 25147 --- [    Test worker] o.s.t.c.support.AbstractContextLoader    : Could not detect default resource locations for test class [com.blog.springboot.HelloControllerTest]: no resource found for suffixes {-context.xml, Context.groovy}.
2022-06-06 03:14:52.118  INFO 25147 --- [    Test worker] t.c.s.AnnotationConfigContextLoaderUtils : Could not detect default configuration classes for test class [com.blog.springboot.HelloControllerTest]: HelloControllerTest does not declare any static, non-private, non-final, nested classes annotated with @Configuration.
2022-06-06 03:14:52.155  INFO 25147 --- [    Test worker] .b.t.c.SpringBootTestContextBootstrapper : Found @SpringBootConfiguration com.blog.springboot.Application for test class com.blog.springboot.HelloControllerTest
2022-06-06 03:14:52.196  INFO 25147 --- [    Test worker] .b.t.a.w.s.WebMvcTestContextBootstrapper : Loaded default TestExecutionListener class names from location [META-INF/spring.factories]: [org.springframework.security.test.context.support.WithSecurityContextTestExecutionListener, org.springframework.security.test.context.support.ReactorContextTestExecutionListener, org.springframework.boot.test.autoconfigure.restdocs.RestDocsTestExecutionListener, org.springframework.boot.test.autoconfigure.web.client.MockRestServiceServerResetTestExecutionListener, org.springframework.boot.test.autoconfigure.web.servlet.MockMvcPrintOnlyOnFailureTestExecutionListener, org.springframework.boot.test.autoconfigure.web.servlet.WebDriverTestExecutionListener, org.springframework.boot.test.mock.mockito.MockitoTestExecutionListener, org.springframework.boot.test.mock.mockito.ResetMocksTestExecutionListener, org.springframework.test.context.web.ServletTestExecutionListener, org.springframework.test.context.support.DirtiesContextBeforeModesTestExecutionListener, org.springframework.test.context.support.DependencyInjectionTestExecutionListener, org.springframework.test.context.support.DirtiesContextTestExecutionListener, org.springframework.test.context.transaction.TransactionalTestExecutionListener, org.springframework.test.context.jdbc.SqlScriptsTestExecutionListener]
2022-06-06 03:14:52.202  INFO 25147 --- [    Test worker] .b.t.a.w.s.WebMvcTestContextBootstrapper : Using TestExecutionListeners: [org.springframework.test.context.web.ServletTestExecutionListener@1c13c47a, org.springframework.test.context.support.DirtiesContextBeforeModesTestExecutionListener@1af94d7f, org.springframework.boot.test.mock.mockito.MockitoTestExecutionListener@5b0133b1, org.springframework.boot.test.autoconfigure.SpringBootDependencyInjectionTestExecutionListener@73527944, org.springframework.test.context.support.DirtiesContextTestExecutionListener@71604340, org.springframework.test.context.transaction.TransactionalTestExecutionListener@21227aa6, org.springframework.test.context.jdbc.SqlScriptsTestExecutionListener@736c5988, org.springframework.security.test.context.support.WithSecurityContextTestExecutionListener@139486f8, org.springframework.security.test.context.support.ReactorContextTestExecutionListener@601dad89, org.springframework.boot.test.autoconfigure.restdocs.RestDocsTestExecutionListener@52d81c66, org.springframework.boot.test.autoconfigure.web.client.MockRestServiceServerResetTestExecutionListener@43e9afac, org.springframework.boot.test.autoconfigure.web.servlet.MockMvcPrintOnlyOnFailureTestExecutionListener@747d526f, org.springframework.boot.test.autoconfigure.web.servlet.WebDriverTestExecutionListener@7981d88c, org.springframework.boot.test.mock.mockito.ResetMocksTestExecutionListener@6b28c0f6]

  .   ____          _            __ _ _
 /\\ / ___'_ __ _ _(_)_ __  __ _ \ \ \ \
( ( )\___ | '_ | '_| | '_ \/ _` | \ \ \ \
 \\/  ___)| |_)| | | | | || (_| |  ) ) ) )
  '  |____| .__|_| |_|_| |_\__, | / / / /
 =========|_|==============|___/=/_/_/_/
 :: Spring Boot ::        (v2.1.7.RELEASE)

2022-06-06 03:14:52.323  INFO 25147 --- [    Test worker] com.blog.springboot.HelloControllerTest  : Starting HelloControllerTest on seungminsongui-MacBookAir.local with PID 25147 (started by seungminsong in /Users/seungminsong/Desktop/coding/springBootBlog)
2022-06-06 03:14:52.325  INFO 25147 --- [    Test worker] com.blog.springboot.HelloControllerTest  : The following profiles are active: oauth
2022-06-06 03:14:52.812  INFO 25147 --- [    Test worker] o.s.s.concurrent.ThreadPoolTaskExecutor  : Initializing ExecutorService 'applicationTaskExecutor'
2022-06-06 03:14:52.840  INFO 25147 --- [    Test worker] o.s.b.a.w.s.WelcomePageHandlerMapping    : Adding welcome page template: index
2022-06-06 03:14:53.109  INFO 25147 --- [    Test worker] .s.s.UserDetailsServiceAutoConfiguration : 

Using generated security password: 9bf17d4f-762e-4a4f-a62d-bed7e268a778

2022-06-06 03:14:53.184  INFO 25147 --- [    Test worker] o.s.s.web.DefaultSecurityFilterChain     : Creating filter chain: any request, [org.springframework.security.web.context.request.async.WebAsyncManagerIntegrationFilter@6de87f7c, org.springframework.security.web.context.SecurityContextPersistenceFilter@47af1352, org.springframework.security.web.header.HeaderWriterFilter@6b9154eb, org.springframework.security.web.csrf.CsrfFilter@2a3f16ff, org.springframework.security.web.authentication.logout.LogoutFilter@162a3b11, org.springframework.security.web.authentication.UsernamePasswordAuthenticationFilter@25ca3448, org.springframework.security.web.authentication.ui.DefaultLoginPageGeneratingFilter@7ace211f, org.springframework.security.web.authentication.ui.DefaultLogoutPageGeneratingFilter@245e3172, org.springframework.security.web.authentication.www.BasicAuthenticationFilter@64f30970, org.springframework.security.web.savedrequest.RequestCacheAwareFilter@7b4e4f35, org.springframework.security.web.servletapi.SecurityContextHolderAwareRequestFilter@1a197abb, org.springframework.security.web.authentication.AnonymousAuthenticationFilter@581a1400, org.springframework.security.web.session.SessionManagementFilter@394b2f88, org.springframework.security.web.access.ExceptionTranslationFilter@3651418b, org.springframework.security.web.access.intercept.FilterSecurityInterceptor@ae5a4f6]
2022-06-06 03:14:53.201  INFO 25147 --- [    Test worker] o.s.b.t.m.w.SpringBootMockServletContext : Initializing Spring TestDispatcherServlet ''
2022-06-06 03:14:53.202  INFO 25147 --- [    Test worker] o.s.t.web.servlet.TestDispatcherServlet  : Initializing Servlet ''
2022-06-06 03:14:53.206  INFO 25147 --- [    Test worker] o.s.t.web.servlet.TestDispatcherServlet  : Completed initialization in 4 ms
2022-06-06 03:14:53.229  INFO 25147 --- [    Test worker] com.blog.springboot.HelloControllerTest  : Started HelloControllerTest in 1.007 seconds (JVM running for 13.999)
]]></system-out>
  <system-err><![CDATA[]]></system-err>
</testsuite>
