<?xml version="1.0" encoding="UTF-8"?>
<testsuite name="com.blog.springboot.domain.posts.PostsRepositoryTest" tests="1" skipped="0" failures="0" errors="0" timestamp="2022-06-05T18:14:51" hostname="seungminsongui-MacBookAir.local" time="0.106">
  <properties/>
  <testcase name="게시글저장_불러오기" classname="com.blog.springboot.domain.posts.PostsRepositoryTest" time="0.106"/>
  <system-out><![CDATA[2022-06-06 03:14:49.969  INFO 25147 --- [    Test worker] .b.t.c.SpringBootTestContextBootstrapper : Neither @ContextConfiguration nor @ContextHierarchy found for test class [com.blog.springboot.domain.posts.PostsRepositoryTest], using SpringBootContextLoader
2022-06-06 03:14:49.972  INFO 25147 --- [    Test worker] o.s.t.c.support.AbstractContextLoader    : Could not detect default resource locations for test class [com.blog.springboot.domain.posts.PostsRepositoryTest]: no resource found for suffixes {-context.xml, Context.groovy}.
2022-06-06 03:14:49.982  INFO 25147 --- [    Test worker] t.c.s.AnnotationConfigContextLoaderUtils : Could not detect default configuration classes for test class [com.blog.springboot.domain.posts.PostsRepositoryTest]: PostsRepositoryTest does not declare any static, non-private, non-final, nested classes annotated with @Configuration.
2022-06-06 03:14:50.006  INFO 25147 --- [    Test worker] .b.t.c.SpringBootTestContextBootstrapper : Found @SpringBootConfiguration com.blog.springboot.Application for test class com.blog.springboot.domain.posts.PostsRepositoryTest
2022-06-06 03:14:50.012  INFO 25147 --- [    Test worker] .b.t.c.SpringBootTestContextBootstrapper : Loaded default TestExecutionListener class names from location [META-INF/spring.factories]: [org.springframework.security.test.context.support.WithSecurityContextTestExecutionListener, org.springframework.security.test.context.support.ReactorContextTestExecutionListener, org.springframework.boot.test.autoconfigure.restdocs.RestDocsTestExecutionListener, org.springframework.boot.test.autoconfigure.web.client.MockRestServiceServerResetTestExecutionListener, org.springframework.boot.test.autoconfigure.web.servlet.MockMvcPrintOnlyOnFailureTestExecutionListener, org.springframework.boot.test.autoconfigure.web.servlet.WebDriverTestExecutionListener, org.springframework.boot.test.mock.mockito.MockitoTestExecutionListener, org.springframework.boot.test.mock.mockito.ResetMocksTestExecutionListener, org.springframework.test.context.web.ServletTestExecutionListener, org.springframework.test.context.support.DirtiesContextBeforeModesTestExecutionListener, org.springframework.test.context.support.DependencyInjectionTestExecutionListener, org.springframework.test.context.support.DirtiesContextTestExecutionListener, org.springframework.test.context.transaction.TransactionalTestExecutionListener, org.springframework.test.context.jdbc.SqlScriptsTestExecutionListener]
2022-06-06 03:14:50.014  INFO 25147 --- [    Test worker] .b.t.c.SpringBootTestContextBootstrapper : Using TestExecutionListeners: [org.springframework.test.context.web.ServletTestExecutionListener@67dd54aa, org.springframework.test.context.support.DirtiesContextBeforeModesTestExecutionListener@59d58253, org.springframework.boot.test.mock.mockito.MockitoTestExecutionListener@3150f850, org.springframework.boot.test.autoconfigure.SpringBootDependencyInjectionTestExecutionListener@5e469d02, org.springframework.test.context.support.DirtiesContextTestExecutionListener@53b3ea64, org.springframework.test.context.transaction.TransactionalTestExecutionListener@26012d5b, org.springframework.test.context.jdbc.SqlScriptsTestExecutionListener@10a5d3b3, org.springframework.security.test.context.support.WithSecurityContextTestExecutionListener@7a61e228, org.springframework.security.test.context.support.ReactorContextTestExecutionListener@36cdd7ca, org.springframework.boot.test.autoconfigure.restdocs.RestDocsTestExecutionListener@19095fbd, org.springframework.boot.test.autoconfigure.web.client.MockRestServiceServerResetTestExecutionListener@278f2f64, org.springframework.boot.test.autoconfigure.web.servlet.MockMvcPrintOnlyOnFailureTestExecutionListener@520ae91f, org.springframework.boot.test.autoconfigure.web.servlet.WebDriverTestExecutionListener@aa11713, org.springframework.boot.test.mock.mockito.ResetMocksTestExecutionListener@5906454d]

  .   ____          _            __ _ _
 /\\ / ___'_ __ _ _(_)_ __  __ _ \ \ \ \
( ( )\___ | '_ | '_| | '_ \/ _` | \ \ \ \
 \\/  ___)| |_)| | | | | || (_| |  ) ) ) )
  '  |____| .__|_| |_|_| |_\__, | / / / /
 =========|_|==============|___/=/_/_/_/
 :: Spring Boot ::        (v2.1.7.RELEASE)

2022-06-06 03:14:50.091  INFO 25147 --- [    Test worker] c.b.s.domain.posts.PostsRepositoryTest   : Starting PostsRepositoryTest on seungminsongui-MacBookAir.local with PID 25147 (started by seungminsong in /Users/seungminsong/Desktop/coding/springBootBlog)
2022-06-06 03:14:50.093  INFO 25147 --- [    Test worker] c.b.s.domain.posts.PostsRepositoryTest   : The following profiles are active: oauth
2022-06-06 03:14:50.532  INFO 25147 --- [    Test worker] .s.d.r.c.RepositoryConfigurationDelegate : Bootstrapping Spring Data repositories in DEFAULT mode.
2022-06-06 03:14:50.575  INFO 25147 --- [    Test worker] .s.d.r.c.RepositoryConfigurationDelegate : Finished Spring Data repository scanning in 40ms. Found 2 repository interfaces.
2022-06-06 03:14:50.716  INFO 25147 --- [    Test worker] trationDelegate$BeanPostProcessorChecker : Bean 'org.springframework.transaction.annotation.ProxyTransactionManagementConfiguration' of type [org.springframework.transaction.annotation.ProxyTransactionManagementConfiguration$$EnhancerBySpringCGLIB$$b1b86ab7] is not eligible for getting processed by all BeanPostProcessors (for example: not eligible for auto-proxying)
2022-06-06 03:14:50.795  INFO 25147 --- [    Test worker] com.zaxxer.hikari.HikariDataSource       : HikariPool-2 - Starting...
2022-06-06 03:14:50.800  INFO 25147 --- [    Test worker] com.zaxxer.hikari.HikariDataSource       : HikariPool-2 - Start completed.
2022-06-06 03:14:50.831  INFO 25147 --- [    Test worker] o.hibernate.jpa.internal.util.LogHelper  : HHH000204: Processing PersistenceUnitInfo [
	name: default
	...]
2022-06-06 03:14:50.844  INFO 25147 --- [    Test worker] org.hibernate.dialect.Dialect            : HHH000400: Using dialect: org.hibernate.dialect.MySQL5InnoDBDialect
Hibernate: drop table if exists posts
Hibernate: drop table if exists user
Hibernate: create table posts (id bigint not null auto_increment, create_date datetime, modified_date datetime, author varchar(255), content TEXT not null, title varchar(500) not null, primary key (id)) engine=InnoDB
Hibernate: create table user (id bigint not null auto_increment, create_date datetime, modified_date datetime, email varchar(255) not null, name varchar(255) not null, picture varchar(255), role varchar(255) not null, primary key (id)) engine=InnoDB
2022-06-06 03:14:50.920  INFO 25147 --- [    Test worker] o.h.t.schema.internal.SchemaCreatorImpl  : HHH000476: Executing import script 'org.hibernate.tool.schema.internal.exec.ScriptSourceInputNonExistentImpl@3e0f4cea'
2022-06-06 03:14:50.921  INFO 25147 --- [    Test worker] j.LocalContainerEntityManagerFactoryBean : Initialized JPA EntityManagerFactory for persistence unit 'default'
2022-06-06 03:14:51.146  INFO 25147 --- [    Test worker] o.h.h.i.QueryTranslatorFactoryInitiator  : HHH000397: Using ASTQueryTranslatorFactory
2022-06-06 03:14:51.302  INFO 25147 --- [    Test worker] o.s.s.web.DefaultSecurityFilterChain     : Creating filter chain: any request, [org.springframework.security.web.context.request.async.WebAsyncManagerIntegrationFilter@23416d0c, org.springframework.security.web.context.SecurityContextPersistenceFilter@720429a0, org.springframework.security.web.header.HeaderWriterFilter@7c993cae, org.springframework.security.web.authentication.logout.LogoutFilter@45605ec8, org.springframework.security.oauth2.client.web.OAuth2AuthorizationRequestRedirectFilter@2bef4c72, org.springframework.security.oauth2.client.web.OAuth2LoginAuthenticationFilter@2c05839c, org.springframework.security.web.authentication.ui.DefaultLoginPageGeneratingFilter@167a3c8e, org.springframework.security.web.authentication.ui.DefaultLogoutPageGeneratingFilter@3403ce7a, org.springframework.security.web.savedrequest.RequestCacheAwareFilter@61c59869, org.springframework.security.web.servletapi.SecurityContextHolderAwareRequestFilter@548ca4b3, org.springframework.security.web.authentication.AnonymousAuthenticationFilter@655e9854, org.springframework.security.web.session.SessionManagementFilter@4100768a, org.springframework.security.web.access.ExceptionTranslationFilter@79bd4de4, org.springframework.security.web.access.intercept.FilterSecurityInterceptor@23c6827c]
2022-06-06 03:14:51.560  INFO 25147 --- [    Test worker] o.s.s.concurrent.ThreadPoolTaskExecutor  : Initializing ExecutorService 'applicationTaskExecutor'
2022-06-06 03:14:51.632  WARN 25147 --- [    Test worker] aWebConfiguration$JpaWebMvcConfiguration : spring.jpa.open-in-view is enabled by default. Therefore, database queries may be performed during view rendering. Explicitly configure spring.jpa.open-in-view to disable this warning
2022-06-06 03:14:51.688  INFO 25147 --- [    Test worker] o.s.b.a.w.s.WelcomePageHandlerMapping    : Adding welcome page template: index
2022-06-06 03:14:51.972  INFO 25147 --- [    Test worker] s.a.ScheduledAnnotationBeanPostProcessor : No TaskScheduler/ScheduledExecutorService bean found for scheduled processing
2022-06-06 03:14:51.974  INFO 25147 --- [    Test worker] c.b.s.domain.posts.PostsRepositoryTest   : Started PostsRepositoryTest in 1.953 seconds (JVM running for 12.744)
Hibernate: insert into posts (create_date, modified_date, author, content, title) values (?, ?, ?, ?, ?)
Hibernate: select posts0_.id as id1_0_, posts0_.create_date as create_d2_0_, posts0_.modified_date as modified3_0_, posts0_.author as author4_0_, posts0_.content as content5_0_, posts0_.title as title6_0_ from posts posts0_
Hibernate: select posts0_.id as id1_0_, posts0_.create_date as create_d2_0_, posts0_.modified_date as modified3_0_, posts0_.author as author4_0_, posts0_.content as content5_0_, posts0_.title as title6_0_ from posts posts0_
Hibernate: delete from posts where id=?
]]></system-out>
  <system-err><![CDATA[]]></system-err>
</testsuite>
