<?xml version="1.0" encoding="UTF-8"?>
<testsuite name="com.blog.springboot.web.IndexControllerTest" tests="1" skipped="0" failures="0" errors="0" timestamp="2022-06-05T18:14:49" hostname="seungminsongui-MacBookAir.local" time="0.503">
  <properties/>
  <testcase name="메인페이지_로딩" classname="com.blog.springboot.web.IndexControllerTest" time="0.503"/>
  <system-out><![CDATA[03:14:40.101 [Test worker] DEBUG org.springframework.test.context.junit4.SpringJUnit4ClassRunner - SpringJUnit4ClassRunner constructor called with [class com.blog.springboot.web.IndexControllerTest]
03:14:40.112 [Test worker] DEBUG org.springframework.test.context.BootstrapUtils - Instantiating CacheAwareContextLoaderDelegate from class [org.springframework.test.context.cache.DefaultCacheAwareContextLoaderDelegate]
03:14:40.118 [Test worker] DEBUG org.springframework.test.context.BootstrapUtils - Instantiating BootstrapContext using constructor [public org.springframework.test.context.support.DefaultBootstrapContext(java.lang.Class,org.springframework.test.context.CacheAwareContextLoaderDelegate)]
03:14:40.142 [Test worker] DEBUG org.springframework.test.context.BootstrapUtils - Instantiating TestContextBootstrapper for test class [com.blog.springboot.web.IndexControllerTest] from class [org.springframework.boot.test.context.SpringBootTestContextBootstrapper]
03:14:40.152 [Test worker] INFO org.springframework.boot.test.context.SpringBootTestContextBootstrapper - Neither @ContextConfiguration nor @ContextHierarchy found for test class [com.blog.springboot.web.IndexControllerTest], using SpringBootContextLoader
03:14:40.156 [Test worker] DEBUG org.springframework.test.context.support.AbstractContextLoader - Did not detect default resource location for test class [com.blog.springboot.web.IndexControllerTest]: class path resource [com/blog/springboot/web/IndexControllerTest-context.xml] does not exist
03:14:40.156 [Test worker] DEBUG org.springframework.test.context.support.AbstractContextLoader - Did not detect default resource location for test class [com.blog.springboot.web.IndexControllerTest]: class path resource [com/blog/springboot/web/IndexControllerTestContext.groovy] does not exist
03:14:40.157 [Test worker] INFO org.springframework.test.context.support.AbstractContextLoader - Could not detect default resource locations for test class [com.blog.springboot.web.IndexControllerTest]: no resource found for suffixes {-context.xml, Context.groovy}.
03:14:40.157 [Test worker] INFO org.springframework.test.context.support.AnnotationConfigContextLoaderUtils - Could not detect default configuration classes for test class [com.blog.springboot.web.IndexControllerTest]: IndexControllerTest does not declare any static, non-private, non-final, nested classes annotated with @Configuration.
03:14:40.199 [Test worker] DEBUG org.springframework.test.context.support.ActiveProfilesUtils - Could not find an 'annotation declaring class' for annotation type [org.springframework.test.context.ActiveProfiles] and class [com.blog.springboot.web.IndexControllerTest]
03:14:40.367 [Test worker] DEBUG org.springframework.context.annotation.ClassPathScanningCandidateComponentProvider - Identified candidate component class: file [/Users/seungminsong/Desktop/coding/springBootBlog/build/classes/java/main/com/blog/springboot/Application.class]
03:14:40.370 [Test worker] INFO org.springframework.boot.test.context.SpringBootTestContextBootstrapper - Found @SpringBootConfiguration com.blog.springboot.Application for test class com.blog.springboot.web.IndexControllerTest
03:14:40.443 [Test worker] DEBUG org.springframework.boot.test.context.SpringBootTestContextBootstrapper - @TestExecutionListeners is not present for class [com.blog.springboot.web.IndexControllerTest]: using defaults.
03:14:40.444 [Test worker] INFO org.springframework.boot.test.context.SpringBootTestContextBootstrapper - Loaded default TestExecutionListener class names from location [META-INF/spring.factories]: [org.springframework.security.test.context.support.WithSecurityContextTestExecutionListener, org.springframework.security.test.context.support.ReactorContextTestExecutionListener, org.springframework.boot.test.autoconfigure.restdocs.RestDocsTestExecutionListener, org.springframework.boot.test.autoconfigure.web.client.MockRestServiceServerResetTestExecutionListener, org.springframework.boot.test.autoconfigure.web.servlet.MockMvcPrintOnlyOnFailureTestExecutionListener, org.springframework.boot.test.autoconfigure.web.servlet.WebDriverTestExecutionListener, org.springframework.boot.test.mock.mockito.MockitoTestExecutionListener, org.springframework.boot.test.mock.mockito.ResetMocksTestExecutionListener, org.springframework.test.context.web.ServletTestExecutionListener, org.springframework.test.context.support.DirtiesContextBeforeModesTestExecutionListener, org.springframework.test.context.support.DependencyInjectionTestExecutionListener, org.springframework.test.context.support.DirtiesContextTestExecutionListener, org.springframework.test.context.transaction.TransactionalTestExecutionListener, org.springframework.test.context.jdbc.SqlScriptsTestExecutionListener]
03:14:40.457 [Test worker] INFO org.springframework.boot.test.context.SpringBootTestContextBootstrapper - Using TestExecutionListeners: [org.springframework.test.context.web.ServletTestExecutionListener@32ea9b8e, org.springframework.test.context.support.DirtiesContextBeforeModesTestExecutionListener@77fcbe1, org.springframework.boot.test.mock.mockito.MockitoTestExecutionListener@3f47bc5c, org.springframework.boot.test.autoconfigure.SpringBootDependencyInjectionTestExecutionListener@5ac357be, org.springframework.test.context.support.DirtiesContextTestExecutionListener@3c139183, org.springframework.test.context.transaction.TransactionalTestExecutionListener@45ca7523, org.springframework.test.context.jdbc.SqlScriptsTestExecutionListener@476d949a, org.springframework.security.test.context.support.WithSecurityContextTestExecutionListener@7d3556e, org.springframework.security.test.context.support.ReactorContextTestExecutionListener@27ec439e, org.springframework.boot.test.autoconfigure.restdocs.RestDocsTestExecutionListener@3119592d, org.springframework.boot.test.autoconfigure.web.client.MockRestServiceServerResetTestExecutionListener@1a7bd2d0, org.springframework.boot.test.autoconfigure.web.servlet.MockMvcPrintOnlyOnFailureTestExecutionListener@79e9cd4, org.springframework.boot.test.autoconfigure.web.servlet.WebDriverTestExecutionListener@42abdf0a, org.springframework.boot.test.mock.mockito.ResetMocksTestExecutionListener@39802643]
03:14:40.461 [Test worker] DEBUG org.springframework.test.annotation.ProfileValueUtils - Retrieved @ProfileValueSourceConfiguration [null] for test class [com.blog.springboot.web.IndexControllerTest]
03:14:40.462 [Test worker] DEBUG org.springframework.test.annotation.ProfileValueUtils - Retrieved ProfileValueSource type [class org.springframework.test.annotation.SystemProfileValueSource] for class [com.blog.springboot.web.IndexControllerTest]
03:14:40.463 [Test worker] DEBUG org.springframework.test.annotation.ProfileValueUtils - Retrieved @ProfileValueSourceConfiguration [null] for test class [com.blog.springboot.web.IndexControllerTest]
03:14:40.463 [Test worker] DEBUG org.springframework.test.annotation.ProfileValueUtils - Retrieved ProfileValueSource type [class org.springframework.test.annotation.SystemProfileValueSource] for class [com.blog.springboot.web.IndexControllerTest]
03:14:40.466 [Test worker] DEBUG org.springframework.test.context.support.AbstractDirtiesContextTestExecutionListener - Before test class: context [DefaultTestContext@70e74d10 testClass = IndexControllerTest, testInstance = [null], testMethod = [null], testException = [null], mergedContextConfiguration = [WebMergedContextConfiguration@7506800f testClass = IndexControllerTest, locations = '{}', classes = '{class com.blog.springboot.Application}', contextInitializerClasses = '[]', activeProfiles = '{}', propertySourceLocations = '{}', propertySourceProperties = '{org.springframework.boot.test.context.SpringBootTestContextBootstrapper=true, server.port=0}', contextCustomizers = set[org.springframework.boot.test.autoconfigure.properties.PropertyMappingContextCustomizer@0, org.springframework.boot.test.autoconfigure.web.servlet.WebDriverContextCustomizerFactory$Customizer@39f5fc5a, org.springframework.boot.test.context.filter.ExcludeFilterContextCustomizer@78e0df6d, org.springframework.boot.test.json.DuplicateJsonObjectContextCustomizerFactory$DuplicateJsonObjectContextCustomizer@518237b4, org.springframework.boot.test.mock.mockito.MockitoContextCustomizer@0, org.springframework.boot.test.web.client.TestRestTemplateContextCustomizer@61bdebe8], resourceBasePath = 'src/main/webapp', contextLoader = 'org.springframework.boot.test.context.SpringBootContextLoader', parent = [null]], attributes = map['org.springframework.test.context.web.ServletTestExecutionListener.activateListener' -> false]], class annotated with @DirtiesContext [false] with mode [null].
03:14:40.466 [Test worker] DEBUG org.springframework.test.annotation.ProfileValueUtils - Retrieved @ProfileValueSourceConfiguration [null] for test class [com.blog.springboot.web.IndexControllerTest]
03:14:40.466 [Test worker] DEBUG org.springframework.test.annotation.ProfileValueUtils - Retrieved ProfileValueSource type [class org.springframework.test.annotation.SystemProfileValueSource] for class [com.blog.springboot.web.IndexControllerTest]
03:14:40.474 [Test worker] DEBUG org.springframework.test.context.support.DependencyInjectionTestExecutionListener - Performing dependency injection for test context [[DefaultTestContext@70e74d10 testClass = IndexControllerTest, testInstance = com.blog.springboot.web.IndexControllerTest@7c343147, testMethod = [null], testException = [null], mergedContextConfiguration = [WebMergedContextConfiguration@7506800f testClass = IndexControllerTest, locations = '{}', classes = '{class com.blog.springboot.Application}', contextInitializerClasses = '[]', activeProfiles = '{}', propertySourceLocations = '{}', propertySourceProperties = '{org.springframework.boot.test.context.SpringBootTestContextBootstrapper=true, server.port=0}', contextCustomizers = set[org.springframework.boot.test.autoconfigure.properties.PropertyMappingContextCustomizer@0, org.springframework.boot.test.autoconfigure.web.servlet.WebDriverContextCustomizerFactory$Customizer@39f5fc5a, org.springframework.boot.test.context.filter.ExcludeFilterContextCustomizer@78e0df6d, org.springframework.boot.test.json.DuplicateJsonObjectContextCustomizerFactory$DuplicateJsonObjectContextCustomizer@518237b4, org.springframework.boot.test.mock.mockito.MockitoContextCustomizer@0, org.springframework.boot.test.web.client.TestRestTemplateContextCustomizer@61bdebe8], resourceBasePath = 'src/main/webapp', contextLoader = 'org.springframework.boot.test.context.SpringBootContextLoader', parent = [null]], attributes = map['org.springframework.test.context.web.ServletTestExecutionListener.activateListener' -> false]]].
03:14:40.515 [Test worker] DEBUG org.springframework.test.context.support.TestPropertySourceUtils - Adding inlined properties to environment: {spring.jmx.enabled=false, org.springframework.boot.test.context.SpringBootTestContextBootstrapper=true, server.port=0}

  .   ____          _            __ _ _
 /\\ / ___'_ __ _ _(_)_ __  __ _ \ \ \ \
( ( )\___ | '_ | '_| | '_ \/ _` | \ \ \ \
 \\/  ___)| |_)| | | | | || (_| |  ) ) ) )
  '  |____| .__|_| |_|_| |_\__, | / / / /
 =========|_|==============|___/=/_/_/_/
 :: Spring Boot ::        (v2.1.7.RELEASE)

2022-06-06 03:14:41.027  INFO 25147 --- [    Test worker] c.b.springboot.web.IndexControllerTest   : Starting IndexControllerTest on seungminsongui-MacBookAir.local with PID 25147 (started by seungminsong in /Users/seungminsong/Desktop/coding/springBootBlog)
2022-06-06 03:14:41.028  INFO 25147 --- [    Test worker] c.b.springboot.web.IndexControllerTest   : The following profiles are active: oauth
2022-06-06 03:14:42.539  INFO 25147 --- [    Test worker] .s.d.r.c.RepositoryConfigurationDelegate : Bootstrapping Spring Data repositories in DEFAULT mode.
2022-06-06 03:14:42.652  INFO 25147 --- [    Test worker] .s.d.r.c.RepositoryConfigurationDelegate : Finished Spring Data repository scanning in 105ms. Found 2 repository interfaces.
2022-06-06 03:14:43.463  INFO 25147 --- [    Test worker] trationDelegate$BeanPostProcessorChecker : Bean 'org.springframework.transaction.annotation.ProxyTransactionManagementConfiguration' of type [org.springframework.transaction.annotation.ProxyTransactionManagementConfiguration$$EnhancerBySpringCGLIB$$b1b86ab7] is not eligible for getting processed by all BeanPostProcessors (for example: not eligible for auto-proxying)
2022-06-06 03:14:44.022  INFO 25147 --- [    Test worker] o.s.b.w.embedded.tomcat.TomcatWebServer  : Tomcat initialized with port(s): 0 (http)
2022-06-06 03:14:44.069  INFO 25147 --- [    Test worker] o.apache.catalina.core.StandardService   : Starting service [Tomcat]
2022-06-06 03:14:44.070  INFO 25147 --- [    Test worker] org.apache.catalina.core.StandardEngine  : Starting Servlet engine: [Apache Tomcat/9.0.22]
2022-06-06 03:14:44.268  INFO 25147 --- [    Test worker] o.a.c.c.C.[Tomcat].[localhost].[/]       : Initializing Spring embedded WebApplicationContext
2022-06-06 03:14:44.269  INFO 25147 --- [    Test worker] o.s.web.context.ContextLoader            : Root WebApplicationContext: initialization completed in 3216 ms
2022-06-06 03:14:44.697  INFO 25147 --- [    Test worker] com.zaxxer.hikari.HikariDataSource       : HikariPool-1 - Starting...
2022-06-06 03:14:44.892  INFO 25147 --- [    Test worker] com.zaxxer.hikari.HikariDataSource       : HikariPool-1 - Start completed.
2022-06-06 03:14:45.174  INFO 25147 --- [    Test worker] o.hibernate.jpa.internal.util.LogHelper  : HHH000204: Processing PersistenceUnitInfo [
	name: default
	...]
2022-06-06 03:14:45.237  INFO 25147 --- [    Test worker] org.hibernate.Version                    : HHH000412: Hibernate Core {5.3.10.Final}
2022-06-06 03:14:45.238  INFO 25147 --- [    Test worker] org.hibernate.cfg.Environment            : HHH000206: hibernate.properties not found
2022-06-06 03:14:45.370  INFO 25147 --- [    Test worker] o.hibernate.annotations.common.Version   : HCANN000001: Hibernate Commons Annotations {5.0.4.Final}
2022-06-06 03:14:45.468  INFO 25147 --- [    Test worker] org.hibernate.dialect.Dialect            : HHH000400: Using dialect: org.hibernate.dialect.MySQL5InnoDBDialect
Hibernate: drop table if exists posts
Hibernate: drop table if exists user
Hibernate: create table posts (id bigint not null auto_increment, create_date datetime, modified_date datetime, author varchar(255), content TEXT not null, title varchar(500) not null, primary key (id)) engine=InnoDB
Hibernate: create table user (id bigint not null auto_increment, create_date datetime, modified_date datetime, email varchar(255) not null, name varchar(255) not null, picture varchar(255), role varchar(255) not null, primary key (id)) engine=InnoDB
2022-06-06 03:14:46.176  INFO 25147 --- [    Test worker] o.h.t.schema.internal.SchemaCreatorImpl  : HHH000476: Executing import script 'org.hibernate.tool.schema.internal.exec.ScriptSourceInputNonExistentImpl@3e0f4cea'
2022-06-06 03:14:46.179  INFO 25147 --- [    Test worker] j.LocalContainerEntityManagerFactoryBean : Initialized JPA EntityManagerFactory for persistence unit 'default'
2022-06-06 03:14:47.200  INFO 25147 --- [    Test worker] o.h.h.i.QueryTranslatorFactoryInitiator  : HHH000397: Using ASTQueryTranslatorFactory
2022-06-06 03:14:47.705  INFO 25147 --- [    Test worker] o.s.s.web.DefaultSecurityFilterChain     : Creating filter chain: any request, [org.springframework.security.web.context.request.async.WebAsyncManagerIntegrationFilter@4dc6051c, org.springframework.security.web.context.SecurityContextPersistenceFilter@4f08aa2d, org.springframework.security.web.header.HeaderWriterFilter@4b5f2ad9, org.springframework.security.web.authentication.logout.LogoutFilter@72b3c3f3, org.springframework.security.oauth2.client.web.OAuth2AuthorizationRequestRedirectFilter@30752ace, org.springframework.security.oauth2.client.web.OAuth2LoginAuthenticationFilter@7510b48b, org.springframework.security.web.authentication.ui.DefaultLoginPageGeneratingFilter@4a4a75b, org.springframework.security.web.authentication.ui.DefaultLogoutPageGeneratingFilter@4aa2499b, org.springframework.security.web.savedrequest.RequestCacheAwareFilter@6c94ace3, org.springframework.security.web.servletapi.SecurityContextHolderAwareRequestFilter@3d008f4, org.springframework.security.web.authentication.AnonymousAuthenticationFilter@1538e1c9, org.springframework.security.web.session.SessionManagementFilter@432bbfc5, org.springframework.security.web.access.ExceptionTranslationFilter@150b8356, org.springframework.security.web.access.intercept.FilterSecurityInterceptor@72d3d2d9]
2022-06-06 03:14:48.291  INFO 25147 --- [    Test worker] o.s.s.concurrent.ThreadPoolTaskExecutor  : Initializing ExecutorService 'applicationTaskExecutor'
2022-06-06 03:14:48.352  WARN 25147 --- [    Test worker] aWebConfiguration$JpaWebMvcConfiguration : spring.jpa.open-in-view is enabled by default. Therefore, database queries may be performed during view rendering. Explicitly configure spring.jpa.open-in-view to disable this warning
2022-06-06 03:14:48.460  INFO 25147 --- [    Test worker] o.s.b.a.w.s.WelcomePageHandlerMapping    : Adding welcome page template: index
2022-06-06 03:14:48.973  INFO 25147 --- [    Test worker] s.a.ScheduledAnnotationBeanPostProcessor : No TaskScheduler/ScheduledExecutorService bean found for scheduled processing
2022-06-06 03:14:48.996  INFO 25147 --- [    Test worker] o.s.b.w.embedded.tomcat.TomcatWebServer  : Tomcat started on port(s): 60685 (http) with context path ''
2022-06-06 03:14:49.000  INFO 25147 --- [    Test worker] c.b.springboot.web.IndexControllerTest   : Started IndexControllerTest in 8.479 seconds (JVM running for 9.769)
2022-06-06 03:14:49.245  INFO 25147 --- [o-auto-1-exec-1] o.a.c.c.C.[Tomcat].[localhost].[/]       : Initializing Spring DispatcherServlet 'dispatcherServlet'
2022-06-06 03:14:49.246  INFO 25147 --- [o-auto-1-exec-1] o.s.web.servlet.DispatcherServlet        : Initializing Servlet 'dispatcherServlet'
2022-06-06 03:14:49.286  INFO 25147 --- [o-auto-1-exec-1] o.s.web.servlet.DispatcherServlet        : Completed initialization in 40 ms
Hibernate: select posts0_.id as id1_0_, posts0_.create_date as create_d2_0_, posts0_.modified_date as modified3_0_, posts0_.author as author4_0_, posts0_.content as content5_0_, posts0_.title as title6_0_ from posts posts0_ order by posts0_.id DESC
]]></system-out>
  <system-err><![CDATA[]]></system-err>
</testsuite>
