<?xml version="1.0" encoding="UTF-8"?>
<testsuite name="com.blog.springboot.HelloControllerTest" tests="2" skipped="0" failures="0" errors="0" timestamp="2022-06-06T15:06:45" hostname="seungminsongui-MacBookAir.local" time="0.082">
  <properties/>
  <testcase name="hello가_리턴된다" classname="com.blog.springboot.HelloControllerTest" time="0.035"/>
  <testcase name="helloDto가_리턴된다" classname="com.blog.springboot.HelloControllerTest" time="0.045"/>
  <system-out><![CDATA[2022-06-07 00:06:44.014  INFO 28706 --- [    Test worker] .b.t.a.w.s.WebMvcTestContextBootstrapper : Neither @ContextConfiguration nor @ContextHierarchy found for test class [com.blog.springboot.HelloControllerTest], using SpringBootContextLoader
2022-06-07 00:06:44.018  INFO 28706 --- [    Test worker] o.s.t.c.support.AbstractContextLoader    : Could not detect default resource locations for test class [com.blog.springboot.HelloControllerTest]: no resource found for suffixes {-context.xml, Context.groovy}.
2022-06-07 00:06:44.019  INFO 28706 --- [    Test worker] t.c.s.AnnotationConfigContextLoaderUtils : Could not detect default configuration classes for test class [com.blog.springboot.HelloControllerTest]: HelloControllerTest does not declare any static, non-private, non-final, nested classes annotated with @Configuration.
2022-06-07 00:06:44.056  INFO 28706 --- [    Test worker] .b.t.c.SpringBootTestContextBootstrapper : Found @SpringBootConfiguration com.blog.springboot.Application for test class com.blog.springboot.HelloControllerTest
2022-06-07 00:06:44.060  INFO 28706 --- [    Test worker] .b.t.a.w.s.WebMvcTestContextBootstrapper : Loaded default TestExecutionListener class names from location [META-INF/spring.factories]: [org.springframework.security.test.context.support.WithSecurityContextTestExecutionListener, org.springframework.security.test.context.support.ReactorContextTestExecutionListener, org.springframework.boot.test.autoconfigure.restdocs.RestDocsTestExecutionListener, org.springframework.boot.test.autoconfigure.web.client.MockRestServiceServerResetTestExecutionListener, org.springframework.boot.test.autoconfigure.web.servlet.MockMvcPrintOnlyOnFailureTestExecutionListener, org.springframework.boot.test.autoconfigure.web.servlet.WebDriverTestExecutionListener, org.springframework.boot.test.mock.mockito.MockitoTestExecutionListener, org.springframework.boot.test.mock.mockito.ResetMocksTestExecutionListener, org.springframework.test.context.web.ServletTestExecutionListener, org.springframework.test.context.support.DirtiesContextBeforeModesTestExecutionListener, org.springframework.test.context.support.DependencyInjectionTestExecutionListener, org.springframework.test.context.support.DirtiesContextTestExecutionListener, org.springframework.test.context.transaction.TransactionalTestExecutionListener, org.springframework.test.context.jdbc.SqlScriptsTestExecutionListener]
2022-06-07 00:06:44.063  INFO 28706 --- [    Test worker] .b.t.a.w.s.WebMvcTestContextBootstrapper : Using TestExecutionListeners: [org.springframework.test.context.web.ServletTestExecutionListener@7c783a6a, org.springframework.test.context.support.DirtiesContextBeforeModesTestExecutionListener@564e514f, org.springframework.boot.test.mock.mockito.MockitoTestExecutionListener@4fb0f0b1, org.springframework.boot.test.autoconfigure.SpringBootDependencyInjectionTestExecutionListener@64a58b9d, org.springframework.test.context.support.DirtiesContextTestExecutionListener@59335609, org.springframework.test.context.transaction.TransactionalTestExecutionListener@7dd3a049, org.springframework.test.context.jdbc.SqlScriptsTestExecutionListener@35aef23a, org.springframework.security.test.context.support.WithSecurityContextTestExecutionListener@7d9f7e71, org.springframework.security.test.context.support.ReactorContextTestExecutionListener@3e5fecd5, org.springframework.boot.test.autoconfigure.restdocs.RestDocsTestExecutionListener@5eeed2bf, org.springframework.boot.test.autoconfigure.web.client.MockRestServiceServerResetTestExecutionListener@1c13c47a, org.springframework.boot.test.autoconfigure.web.servlet.MockMvcPrintOnlyOnFailureTestExecutionListener@1af94d7f, org.springframework.boot.test.autoconfigure.web.servlet.WebDriverTestExecutionListener@5b0133b1, org.springframework.boot.test.mock.mockito.ResetMocksTestExecutionListener@73527944]

  .   ____          _            __ _ _
 /\\ / ___'_ __ _ _(_)_ __  __ _ \ \ \ \
( ( )\___ | '_ | '_| | '_ \/ _` | \ \ \ \
 \\/  ___)| |_)| | | | | || (_| |  ) ) ) )
  '  |____| .__|_| |_|_| |_\__, | / / / /
 =========|_|==============|___/=/_/_/_/
 :: Spring Boot ::        (v2.1.7.RELEASE)

2022-06-07 00:06:44.142  INFO 28706 --- [    Test worker] com.blog.springboot.HelloControllerTest  : Starting HelloControllerTest on seungminsongui-MacBookAir.local with PID 28706 (started by seungminsong in /Users/seungminsong/Desktop/coding/springBootBlog)
2022-06-07 00:06:44.143  INFO 28706 --- [    Test worker] com.blog.springboot.HelloControllerTest  : The following profiles are active: oauth
2022-06-07 00:06:44.782  INFO 28706 --- [    Test worker] o.s.s.concurrent.ThreadPoolTaskExecutor  : Initializing ExecutorService 'applicationTaskExecutor'
2022-06-07 00:06:44.808  INFO 28706 --- [    Test worker] o.s.b.a.w.s.WelcomePageHandlerMapping    : Adding welcome page template: index
2022-06-07 00:06:44.930  INFO 28706 --- [    Test worker] .s.s.UserDetailsServiceAutoConfiguration : 

Using generated security password: 4628df36-b691-451a-af18-6c51dc21158a

2022-06-07 00:06:45.079  INFO 28706 --- [    Test worker] o.s.s.web.DefaultSecurityFilterChain     : Creating filter chain: any request, [org.springframework.security.web.context.request.async.WebAsyncManagerIntegrationFilter@6928c24f, org.springframework.security.web.context.SecurityContextPersistenceFilter@2dd93876, org.springframework.security.web.header.HeaderWriterFilter@676eda36, org.springframework.security.web.csrf.CsrfFilter@6b3c85c2, org.springframework.security.web.authentication.logout.LogoutFilter@3651418b, org.springframework.security.web.authentication.UsernamePasswordAuthenticationFilter@1a197abb, org.springframework.security.web.authentication.ui.DefaultLoginPageGeneratingFilter@7896b348, org.springframework.security.web.authentication.ui.DefaultLogoutPageGeneratingFilter@4d50ecfe, org.springframework.security.web.authentication.www.BasicAuthenticationFilter@162a3b11, org.springframework.security.web.savedrequest.RequestCacheAwareFilter@1b35aa9c, org.springframework.security.web.servletapi.SecurityContextHolderAwareRequestFilter@a9b6ca6, org.springframework.security.web.authentication.AnonymousAuthenticationFilter@ae5a4f6, org.springframework.security.web.session.SessionManagementFilter@6873518c, org.springframework.security.web.access.ExceptionTranslationFilter@7362d9c, org.springframework.security.web.access.intercept.FilterSecurityInterceptor@7b4e4f35]
2022-06-07 00:06:45.134  INFO 28706 --- [    Test worker] o.s.b.t.m.w.SpringBootMockServletContext : Initializing Spring TestDispatcherServlet ''
2022-06-07 00:06:45.135  INFO 28706 --- [    Test worker] o.s.t.web.servlet.TestDispatcherServlet  : Initializing Servlet ''
2022-06-07 00:06:45.142  INFO 28706 --- [    Test worker] o.s.t.web.servlet.TestDispatcherServlet  : Completed initialization in 7 ms
2022-06-07 00:06:45.173  INFO 28706 --- [    Test worker] com.blog.springboot.HelloControllerTest  : Started HelloControllerTest in 1.104 seconds (JVM running for 13.834)
]]></system-out>
  <system-err><![CDATA[]]></system-err>
</testsuite>
