<?xml version="1.0" encoding="UTF-8"?>
<testsuite name="com.blog.springboot.dto.HelloResponseDtoTest" tests="1" skipped="0" failures="0" errors="0" timestamp="2022-06-06T15:06:32" hostname="seungminsongui-MacBookAir.local" time="0.066">
  <properties/>
  <testcase name="롬북_기능_테스트" classname="com.blog.springboot.dto.HelloResponseDtoTest" time="0.066"/>
  <system-out><![CDATA[]]></system-out>
  <system-err><![CDATA[]]></system-err>
</testsuite>
