<?xml version="1.0" encoding="UTF-8"?>
<testsuite name="com.blog.springboot.domain.posts.PostsRepositoryTest" tests="1" skipped="0" failures="0" errors="0" timestamp="2022-06-06T15:06:43" hostname="seungminsongui-MacBookAir.local" time="0.109">
  <properties/>
  <testcase name="게시글저장_불러오기" classname="com.blog.springboot.domain.posts.PostsRepositoryTest" time="0.109"/>
  <system-out><![CDATA[2022-06-07 00:06:41.893  INFO 28706 --- [    Test worker] .b.t.c.SpringBootTestContextBootstrapper : Neither @ContextConfiguration nor @ContextHierarchy found for test class [com.blog.springboot.domain.posts.PostsRepositoryTest], using SpringBootContextLoader
2022-06-07 00:06:41.900  INFO 28706 --- [    Test worker] o.s.t.c.support.AbstractContextLoader    : Could not detect default resource locations for test class [com.blog.springboot.domain.posts.PostsRepositoryTest]: no resource found for suffixes {-context.xml, Context.groovy}.
2022-06-07 00:06:41.900  INFO 28706 --- [    Test worker] t.c.s.AnnotationConfigContextLoaderUtils : Could not detect default configuration classes for test class [com.blog.springboot.domain.posts.PostsRepositoryTest]: PostsRepositoryTest does not declare any static, non-private, non-final, nested classes annotated with @Configuration.
2022-06-07 00:06:41.932  INFO 28706 --- [    Test worker] .b.t.c.SpringBootTestContextBootstrapper : Found @SpringBootConfiguration com.blog.springboot.Application for test class com.blog.springboot.domain.posts.PostsRepositoryTest
2022-06-07 00:06:41.936  INFO 28706 --- [    Test worker] .b.t.c.SpringBootTestContextBootstrapper : Loaded default TestExecutionListener class names from location [META-INF/spring.factories]: [org.springframework.security.test.context.support.WithSecurityContextTestExecutionListener, org.springframework.security.test.context.support.ReactorContextTestExecutionListener, org.springframework.boot.test.autoconfigure.restdocs.RestDocsTestExecutionListener, org.springframework.boot.test.autoconfigure.web.client.MockRestServiceServerResetTestExecutionListener, org.springframework.boot.test.autoconfigure.web.servlet.MockMvcPrintOnlyOnFailureTestExecutionListener, org.springframework.boot.test.autoconfigure.web.servlet.WebDriverTestExecutionListener, org.springframework.boot.test.mock.mockito.MockitoTestExecutionListener, org.springframework.boot.test.mock.mockito.ResetMocksTestExecutionListener, org.springframework.test.context.web.ServletTestExecutionListener, org.springframework.test.context.support.DirtiesContextBeforeModesTestExecutionListener, org.springframework.test.context.support.DependencyInjectionTestExecutionListener, org.springframework.test.context.support.DirtiesContextTestExecutionListener, org.springframework.test.context.transaction.TransactionalTestExecutionListener, org.springframework.test.context.jdbc.SqlScriptsTestExecutionListener]
2022-06-07 00:06:41.937  INFO 28706 --- [    Test worker] .b.t.c.SpringBootTestContextBootstrapper : Using TestExecutionListeners: [org.springframework.test.context.web.ServletTestExecutionListener@187c0eeb, org.springframework.test.context.support.DirtiesContextBeforeModesTestExecutionListener@16551c6e, org.springframework.boot.test.mock.mockito.MockitoTestExecutionListener@29c824b5, org.springframework.boot.test.autoconfigure.SpringBootDependencyInjectionTestExecutionListener@1f2e1af2, org.springframework.test.context.support.DirtiesContextTestExecutionListener@67dd54aa, org.springframework.test.context.transaction.TransactionalTestExecutionListener@59d58253, org.springframework.test.context.jdbc.SqlScriptsTestExecutionListener@3150f850, org.springframework.security.test.context.support.WithSecurityContextTestExecutionListener@5e469d02, org.springframework.security.test.context.support.ReactorContextTestExecutionListener@53b3ea64, org.springframework.boot.test.autoconfigure.restdocs.RestDocsTestExecutionListener@26012d5b, org.springframework.boot.test.autoconfigure.web.client.MockRestServiceServerResetTestExecutionListener@10a5d3b3, org.springframework.boot.test.autoconfigure.web.servlet.MockMvcPrintOnlyOnFailureTestExecutionListener@7a61e228, org.springframework.boot.test.autoconfigure.web.servlet.WebDriverTestExecutionListener@36cdd7ca, org.springframework.boot.test.mock.mockito.ResetMocksTestExecutionListener@19095fbd]

  .   ____          _            __ _ _
 /\\ / ___'_ __ _ _(_)_ __  __ _ \ \ \ \
( ( )\___ | '_ | '_| | '_ \/ _` | \ \ \ \
 \\/  ___)| |_)| | | | | || (_| |  ) ) ) )
  '  |____| .__|_| |_|_| |_\__, | / / / /
 =========|_|==============|___/=/_/_/_/
 :: Spring Boot ::        (v2.1.7.RELEASE)

2022-06-07 00:06:41.998  INFO 28706 --- [    Test worker] c.b.s.domain.posts.PostsRepositoryTest   : Starting PostsRepositoryTest on seungminsongui-MacBookAir.local with PID 28706 (started by seungminsong in /Users/seungminsong/Desktop/coding/springBootBlog)
2022-06-07 00:06:42.000  INFO 28706 --- [    Test worker] c.b.s.domain.posts.PostsRepositoryTest   : The following profiles are active: oauth
2022-06-07 00:06:42.315  INFO 28706 --- [    Test worker] .s.d.r.c.RepositoryConfigurationDelegate : Bootstrapping Spring Data repositories in DEFAULT mode.
2022-06-07 00:06:42.340  INFO 28706 --- [    Test worker] .s.d.r.c.RepositoryConfigurationDelegate : Finished Spring Data repository scanning in 24ms. Found 2 repository interfaces.
2022-06-07 00:06:42.457  INFO 28706 --- [    Test worker] trationDelegate$BeanPostProcessorChecker : Bean 'org.springframework.transaction.annotation.ProxyTransactionManagementConfiguration' of type [org.springframework.transaction.annotation.ProxyTransactionManagementConfiguration$$EnhancerBySpringCGLIB$$ca484bf4] is not eligible for getting processed by all BeanPostProcessors (for example: not eligible for auto-proxying)
2022-06-07 00:06:42.631  INFO 28706 --- [    Test worker] com.zaxxer.hikari.HikariDataSource       : HikariPool-2 - Starting...
2022-06-07 00:06:42.638  INFO 28706 --- [    Test worker] com.zaxxer.hikari.HikariDataSource       : HikariPool-2 - Start completed.
2022-06-07 00:06:42.658  INFO 28706 --- [    Test worker] o.hibernate.jpa.internal.util.LogHelper  : HHH000204: Processing PersistenceUnitInfo [
	name: default
	...]
2022-06-07 00:06:42.670  INFO 28706 --- [    Test worker] org.hibernate.dialect.Dialect            : HHH000400: Using dialect: org.hibernate.dialect.MySQL5InnoDBDialect
Hibernate: drop table if exists posts
Hibernate: drop table if exists user
Hibernate: create table posts (id bigint not null auto_increment, create_date datetime, modified_date datetime, author varchar(255), content TEXT not null, title varchar(500) not null, primary key (id)) engine=InnoDB
Hibernate: create table user (id bigint not null auto_increment, create_date datetime, modified_date datetime, email varchar(255) not null, name varchar(255) not null, picture varchar(255), role varchar(255) not null, primary key (id)) engine=InnoDB
2022-06-07 00:06:42.757  INFO 28706 --- [    Test worker] o.h.t.schema.internal.SchemaCreatorImpl  : HHH000476: Executing import script 'org.hibernate.tool.schema.internal.exec.ScriptSourceInputNonExistentImpl@44718c2a'
2022-06-07 00:06:42.757  INFO 28706 --- [    Test worker] j.LocalContainerEntityManagerFactoryBean : Initialized JPA EntityManagerFactory for persistence unit 'default'
2022-06-07 00:06:42.937  INFO 28706 --- [    Test worker] o.h.h.i.QueryTranslatorFactoryInitiator  : HHH000397: Using ASTQueryTranslatorFactory
2022-06-07 00:06:43.080  INFO 28706 --- [    Test worker] o.s.s.web.DefaultSecurityFilterChain     : Creating filter chain: any request, [org.springframework.security.web.context.request.async.WebAsyncManagerIntegrationFilter@4cf2a469, org.springframework.security.web.context.SecurityContextPersistenceFilter@e4ca5d5, org.springframework.security.web.header.HeaderWriterFilter@6bd8e0d7, org.springframework.security.web.authentication.logout.LogoutFilter@79bd4de4, org.springframework.security.oauth2.client.web.OAuth2AuthorizationRequestRedirectFilter@393b56a8, org.springframework.security.oauth2.client.web.OAuth2LoginAuthenticationFilter@6d42043a, org.springframework.security.web.authentication.ui.DefaultLoginPageGeneratingFilter@12b4306a, org.springframework.security.web.authentication.ui.DefaultLogoutPageGeneratingFilter@64bd938d, org.springframework.security.web.savedrequest.RequestCacheAwareFilter@43d8df32, org.springframework.security.web.servletapi.SecurityContextHolderAwareRequestFilter@6f2a41c6, org.springframework.security.web.authentication.AnonymousAuthenticationFilter@75017a4, org.springframework.security.web.session.SessionManagementFilter@101dbfc6, org.springframework.security.web.access.ExceptionTranslationFilter@749420c, org.springframework.security.web.access.intercept.FilterSecurityInterceptor@7eeac1a3]
2022-06-07 00:06:43.455  INFO 28706 --- [    Test worker] o.s.s.concurrent.ThreadPoolTaskExecutor  : Initializing ExecutorService 'applicationTaskExecutor'
2022-06-07 00:06:43.466  WARN 28706 --- [    Test worker] aWebConfiguration$JpaWebMvcConfiguration : spring.jpa.open-in-view is enabled by default. Therefore, database queries may be performed during view rendering. Explicitly configure spring.jpa.open-in-view to disable this warning
2022-06-07 00:06:43.499  INFO 28706 --- [    Test worker] o.s.b.a.w.s.WelcomePageHandlerMapping    : Adding welcome page template: index
2022-06-07 00:06:43.862  INFO 28706 --- [    Test worker] s.a.ScheduledAnnotationBeanPostProcessor : No TaskScheduler/ScheduledExecutorService bean found for scheduled processing
2022-06-07 00:06:43.867  INFO 28706 --- [    Test worker] c.b.s.domain.posts.PostsRepositoryTest   : Started PostsRepositoryTest in 1.923 seconds (JVM running for 12.528)
Hibernate: insert into posts (create_date, modified_date, author, content, title) values (?, ?, ?, ?, ?)
Hibernate: select posts0_.id as id1_0_, posts0_.create_date as create_d2_0_, posts0_.modified_date as modified3_0_, posts0_.author as author4_0_, posts0_.content as content5_0_, posts0_.title as title6_0_ from posts posts0_
Hibernate: select posts0_.id as id1_0_, posts0_.create_date as create_d2_0_, posts0_.modified_date as modified3_0_, posts0_.author as author4_0_, posts0_.content as content5_0_, posts0_.title as title6_0_ from posts posts0_
Hibernate: delete from posts where id=?
]]></system-out>
  <system-err><![CDATA[]]></system-err>
</testsuite>
